# JRE version: OpenJDK Runtime Environment Temurin-21.0.6+7 (21.0.6+7) (build 21.0.6+7-LTS)
# Java VM: OpenJDK 64-Bit Server VM Temurin-21.0.6+7 (21.0.6+7-LTS, mixed mode, sharing, tiered, compressed oops, compressed class ptrs, parallel gc, linux-amd64)
GC Precious Log:
 CardTable entry size: 512
 CPUs: 6 total, 6 available
 Memory: 10953M
 Large Page Support: Disabled
 NUMA Support: Disabled
 Compressed Oops: Enabled (32-bit)
 Alignments: Space 512K, Generation 512K, Heap 2M
 Heap Min Capacity: 100M
 Heap Initial Capacity: 100M
 Heap Max Capacity: 1G
 Pre-touch: Disabled
 Parallel Workers: 6
Heap:
 PSYoungGen      total 6144K, used 512K [0x00000000eab00000, 0x00000000eb380000, 0x0000000100000000)
  eden space 5632K, 0% used [0x00000000eab00000,0x00000000eab00000,0x00000000eb080000)
  from space 512K, 100% used [0x00000000eb100000,0x00000000eb180000,0x00000000eb180000)
  to   space 1536K, 0% used [0x00000000eb200000,0x00000000eb200000,0x00000000eb380000)
 ParOldGen       total 451584K, used 390588K [0x00000000c0000000, 0x00000000db900000, 0x00000000eab00000)
  object space 451584K, 86% used [0x00000000c0000000,0x00000000d7d6f1c0,0x00000000db900000)
 Metaspace       used 81319K, committed 83008K, reserved 1179648K
  class space    used 8334K, committed 9088K, reserved 1048576K
GC Heap History (20 events):
Event: 1672,149 GC heap after
{Heap after GC invocations=401 (full 3):
 PSYoungGen      total 6144K, used 224K [0x00000000eab00000, 0x00000000eb200000, 0x0000000100000000)
  eden space 5632K, 0% used [0x00000000eab00000,0x00000000eab00000,0x00000000eb080000)
  from space 512K, 43% used [0x00000000eb180000,0x00000000eb1b8000,0x00000000eb200000)
  to   space 512K, 0% used [0x00000000eb100000,0x00000000eb100000,0x00000000eb180000)
 ParOldGen       total 451584K, used 389079K [0x00000000c0000000, 0x00000000db900000, 0x00000000eab00000)
  object space 451584K, 86% used [0x00000000c0000000,0x00000000d7bf5fa8,0x00000000db900000)
 Metaspace       used 81102K, committed 82816K, reserved 1179648K
  class space    used 8318K, committed 9088K, reserved 1048576K
}
Event: 1672,194 GC heap before
{Heap before GC invocations=402 (full 3):
 PSYoungGen      total 6144K, used 5856K [0x00000000eab00000, 0x00000000eb200000, 0x0000000100000000)
  eden space 5632K, 100% used [0x00000000eab00000,0x00000000eb080000,0x00000000eb080000)
  from space 512K, 43% used [0x00000000eb180000,0x00000000eb1b8000,0x00000000eb200000)
  to   space 512K, 0% used [0x00000000eb100000,0x00000000eb100000,0x00000000eb180000)
 ParOldGen       total 451584K, used 389079K [0x00000000c0000000, 0x00000000db900000, 0x00000000eab00000)
  object space 451584K, 86% used [0x00000000c0000000,0x00000000d7bf5fa8,0x00000000db900000)
 Metaspace       used 81211K, committed 82944K, reserved 1179648K
  class space    used 8325K, committed 9088K, reserved 1048576K
}
Event: 1672,196 GC heap after
{Heap after GC invocations=402 (full 3):
 PSYoungGen      total 6144K, used 512K [0x00000000eab00000, 0x00000000eb280000, 0x0000000100000000)
  eden space 5632K, 0% used [0x00000000eab00000,0x00000000eab00000,0x00000000eb080000)
  from space 512K, 100% used [0x00000000eb100000,0x00000000eb180000,0x00000000eb180000)
  to   space 1024K, 0% used [0x00000000eb180000,0x00000000eb180000,0x00000000eb280000)
 ParOldGen       total 451584K, used 389450K [0x00000000c0000000, 0x00000000db900000, 0x00000000eab00000)
  object space 451584K, 86% used [0x00000000c0000000,0x00000000d7c528b8,0x00000000db900000)
 Metaspace       used 81211K, committed 82944K, reserved 1179648K
  class space    used 8325K, committed 9088K, reserved 1048576K
}
Event: 1672,292 GC heap before
{Heap before GC invocations=403 (full 3):
 PSYoungGen      total 6144K, used 6144K [0x00000000eab00000, 0x00000000eb280000, 0x0000000100000000)
  eden space 5632K, 100% used [0x00000000eab00000,0x00000000eb080000,0x00000000eb080000)
  from space 512K, 100% used [0x00000000eb100000,0x00000000eb180000,0x00000000eb180000)
  to   space 1024K, 0% used [0x00000000eb180000,0x00000000eb180000,0x00000000eb280000)
 ParOldGen       total 451584K, used 389450K [0x00000000c0000000, 0x00000000db900000, 0x00000000eab00000)
  object space 451584K, 86% used [0x00000000c0000000,0x00000000d7c528b8,0x00000000db900000)
 Metaspace       used 81213K, committed 82944K, reserved 1179648K
  class space    used 8325K, committed 9088K, reserved 1048576K
}
Event: 1672,294 GC heap after
{Heap after GC invocations=403 (full 3):
 PSYoungGen      total 6656K, used 960K [0x00000000eab00000, 0x00000000eb280000, 0x0000000100000000)
  eden space 5632K, 0% used [0x00000000eab00000,0x00000000eab00000,0x00000000eb080000)
  from space 1024K, 93% used [0x00000000eb180000,0x00000000eb270000,0x00000000eb280000)
  to   space 1024K, 0% used [0x00000000eb080000,0x00000000eb080000,0x00000000eb180000)
 ParOldGen       total 451584K, used 389976K [0x00000000c0000000, 0x00000000db900000, 0x00000000eab00000)
  object space 451584K, 86% used [0x00000000c0000000,0x00000000d7cd6110,0x00000000db900000)
 Metaspace       used 81213K, committed 82944K, reserved 1179648K
  class space    used 8325K, committed 9088K, reserved 1048576K
}
Event: 1672,430 GC heap before
{Heap before GC invocations=404 (full 3):
 PSYoungGen      total 6656K, used 6591K [0x00000000eab00000, 0x00000000eb280000, 0x0000000100000000)
  eden space 5632K, 99% used [0x00000000eab00000,0x00000000eb07fdc8,0x00000000eb080000)
  from space 1024K, 93% used [0x00000000eb180000,0x00000000eb270000,0x00000000eb280000)
  to   space 1024K, 0% used [0x00000000eb080000,0x00000000eb080000,0x00000000eb180000)
 ParOldGen       total 451584K, used 389976K [0x00000000c0000000, 0x00000000db900000, 0x00000000eab00000)
  object space 451584K, 86% used [0x00000000c0000000,0x00000000d7cd6110,0x00000000db900000)
 Metaspace       used 81223K, committed 82944K, reserved 1179648K
  class space    used 8325K, committed 9088K, reserved 1048576K
}
Event: 1672,431 GC heap after
{Heap after GC invocations=404 (full 3):
 PSYoungGen      total 6656K, used 944K [0x00000000eab00000, 0x00000000eb280000, 0x0000000100000000)
  eden space 5632K, 0% used [0x00000000eab00000,0x00000000eab00000,0x00000000eb080000)
  from space 1024K, 92% used [0x00000000eb080000,0x00000000eb16c010,0x00000000eb180000)
  to   space 1024K, 0% used [0x00000000eb180000,0x00000000eb180000,0x00000000eb280000)
 ParOldGen       total 451584K, used 390008K [0x00000000c0000000, 0x00000000db900000, 0x00000000eab00000)
  object space 451584K, 86% used [0x00000000c0000000,0x00000000d7cde110,0x00000000db900000)
 Metaspace       used 81223K, committed 82944K, reserved 1179648K
  class space    used 8325K, committed 9088K, reserved 1048576K
}
Event: 1672,606 GC heap before
{Heap before GC invocations=405 (full 3):
 PSYoungGen      total 6656K, used 6576K [0x00000000eab00000, 0x00000000eb280000, 0x0000000100000000)
  eden space 5632K, 100% used [0x00000000eab00000,0x00000000eb080000,0x00000000eb080000)
  from space 1024K, 92% used [0x00000000eb080000,0x00000000eb16c010,0x00000000eb180000)
  to   space 1024K, 0% used [0x00000000eb180000,0x00000000eb180000,0x00000000eb280000)
 ParOldGen       total 451584K, used 390008K [0x00000000c0000000, 0x00000000db900000, 0x00000000eab00000)
  object space 451584K, 86% used [0x00000000c0000000,0x00000000d7cde110,0x00000000db900000)
 Metaspace       used 81237K, committed 82944K, reserved 1179648K
  class space    used 8325K, committed 9088K, reserved 1048576K
}
Event: 1672,608 GC heap after
{Heap after GC invocations=405 (full 3):
 PSYoungGen      total 6656K, used 896K [0x00000000eab00000, 0x00000000eb280000, 0x0000000100000000)
  eden space 5632K, 0% used [0x00000000eab00000,0x00000000eab00000,0x00000000eb080000)
  from space 1024K, 87% used [0x00000000eb180000,0x00000000eb260000,0x00000000eb280000)
  to   space 1024K, 0% used [0x00000000eb080000,0x00000000eb080000,0x00000000eb180000)
 ParOldGen       total 451584K, used 390024K [0x00000000c0000000, 0x00000000db900000, 0x00000000eab00000)
  object space 451584K, 86% used [0x00000000c0000000,0x00000000d7ce2110,0x00000000db900000)
 Metaspace       used 81237K, committed 82944K, reserved 1179648K
  class space    used 8325K, committed 9088K, reserved 1048576K
}
Event: 1672,817 GC heap before
{Heap before GC invocations=406 (full 3):
 PSYoungGen      total 6656K, used 6528K [0x00000000eab00000, 0x00000000eb280000, 0x0000000100000000)
  eden space 5632K, 100% used [0x00000000eab00000,0x00000000eb080000,0x00000000eb080000)
  from space 1024K, 87% used [0x00000000eb180000,0x00000000eb260000,0x00000000eb280000)
  to   space 1024K, 0% used [0x00000000eb080000,0x00000000eb080000,0x00000000eb180000)
 ParOldGen       total 451584K, used 390024K [0x00000000c0000000, 0x00000000db900000, 0x00000000eab00000)
  object space 451584K, 86% used [0x00000000c0000000,0x00000000d7ce2110,0x00000000db900000)
 Metaspace       used 81290K, committed 83008K, reserved 1179648K
  class space    used 8332K, committed 9088K, reserved 1048576K
}
Event: 1672,818 GC heap after
{Heap after GC invocations=406 (full 3):
 PSYoungGen      total 6656K, used 800K [0x00000000eab00000, 0x00000000eb280000, 0x0000000100000000)
  eden space 5632K, 0% used [0x00000000eab00000,0x00000000eab00000,0x00000000eb080000)
  from space 1024K, 78% used [0x00000000eb080000,0x00000000eb148000,0x00000000eb180000)
  to   space 1024K, 0% used [0x00000000eb180000,0x00000000eb180000,0x00000000eb280000)
 ParOldGen       total 451584K, used 390024K [0x00000000c0000000, 0x00000000db900000, 0x00000000eab00000)
  object space 451584K, 86% used [0x00000000c0000000,0x00000000d7ce2110,0x00000000db900000)
 Metaspace       used 81290K, committed 83008K, reserved 1179648K
  class space    used 8332K, committed 9088K, reserved 1048576K
}
Event: 1673,042 GC heap before
{Heap before GC invocations=407 (full 3):
 PSYoungGen      total 6656K, used 6432K [0x00000000eab00000, 0x00000000eb280000, 0x0000000100000000)
  eden space 5632K, 100% used [0x00000000eab00000,0x00000000eb080000,0x00000000eb080000)
  from space 1024K, 78% used [0x00000000eb080000,0x00000000eb148000,0x00000000eb180000)
  to   space 1024K, 0% used [0x00000000eb180000,0x00000000eb180000,0x00000000eb280000)
 ParOldGen       total 451584K, used 390024K [0x00000000c0000000, 0x00000000db900000, 0x00000000eab00000)
  object space 451584K, 86% used [0x00000000c0000000,0x00000000d7ce2110,0x00000000db900000)
 Metaspace       used 81296K, committed 83008K, reserved 1179648K
  class space    used 8332K, committed 9088K, reserved 1048576K
}
Event: 1673,043 GC heap after
{Heap after GC invocations=407 (full 3):
 PSYoungGen      total 6656K, used 464K [0x00000000eab00000, 0x00000000eb280000, 0x0000000100000000)
  eden space 5632K, 0% used [0x00000000eab00000,0x00000000eab00000,0x00000000eb080000)
  from space 1024K, 45% used [0x00000000eb180000,0x00000000eb1f4010,0x00000000eb280000)
  to   space 1024K, 0% used [0x00000000eb080000,0x00000000eb080000,0x00000000eb180000)
 ParOldGen       total 451584K, used 390096K [0x00000000c0000000, 0x00000000db900000, 0x00000000eab00000)
  object space 451584K, 86% used [0x00000000c0000000,0x00000000d7cf4110,0x00000000db900000)
 Metaspace       used 81296K, committed 83008K, reserved 1179648K
  class space    used 8332K, committed 9088K, reserved 1048576K
}
Event: 1673,203 GC heap before
{Heap before GC invocations=408 (full 3):
 PSYoungGen      total 6656K, used 6083K [0x00000000eab00000, 0x00000000eb280000, 0x0000000100000000)
  eden space 5632K, 99% used [0x00000000eab00000,0x00000000eb07ce30,0x00000000eb080000)
  from space 1024K, 45% used [0x00000000eb180000,0x00000000eb1f4010,0x00000000eb280000)
  to   space 1024K, 0% used [0x00000000eb080000,0x00000000eb080000,0x00000000eb180000)
 ParOldGen       total 451584K, used 390096K [0x00000000c0000000, 0x00000000db900000, 0x00000000eab00000)
  object space 451584K, 86% used [0x00000000c0000000,0x00000000d7cf4110,0x00000000db900000)
 Metaspace       used 81308K, committed 83008K, reserved 1179648K
  class space    used 8333K, committed 9088K, reserved 1048576K
}
Event: 1673,204 GC heap after
{Heap after GC invocations=408 (full 3):
 PSYoungGen      total 6656K, used 224K [0x00000000eab00000, 0x00000000eb200000, 0x0000000100000000)
  eden space 5632K, 0% used [0x00000000eab00000,0x00000000eab00000,0x00000000eb080000)
  from space 1024K, 21% used [0x00000000eb080000,0x00000000eb0b8000,0x00000000eb180000)
  to   space 512K, 0% used [0x00000000eb180000,0x00000000eb180000,0x00000000eb200000)
 ParOldGen       total 451584K, used 390118K [0x00000000c0000000, 0x00000000db900000, 0x00000000eab00000)
  object space 451584K, 86% used [0x00000000c0000000,0x00000000d7cf9950,0x00000000db900000)
 Metaspace       used 81308K, committed 83008K, reserved 1179648K
  class space    used 8333K, committed 9088K, reserved 1048576K
}
Event: 1673,342 GC heap before
{Heap before GC invocations=409 (full 3):
 PSYoungGen      total 6656K, used 5856K [0x00000000eab00000, 0x00000000eb200000, 0x0000000100000000)
  eden space 5632K, 100% used [0x00000000eab00000,0x00000000eb080000,0x00000000eb080000)
  from space 1024K, 21% used [0x00000000eb080000,0x00000000eb0b8000,0x00000000eb180000)
  to   space 512K, 0% used [0x00000000eb180000,0x00000000eb180000,0x00000000eb200000)
 ParOldGen       total 451584K, used 390118K [0x00000000c0000000, 0x00000000db900000, 0x00000000eab00000)
  object space 451584K, 86% used [0x00000000c0000000,0x00000000d7cf9950,0x00000000db900000)
 Metaspace       used 81319K, committed 83008K, reserved 1179648K
  class space    used 8334K, committed 9088K, reserved 1048576K
}
Event: 1673,343 GC heap after
{Heap after GC invocations=409 (full 3):
 PSYoungGen      total 6144K, used 288K [0x00000000eab00000, 0x00000000eb200000, 0x0000000100000000)
  eden space 5632K, 0% used [0x00000000eab00000,0x00000000eab00000,0x00000000eb080000)
  from space 512K, 56% used [0x00000000eb180000,0x00000000eb1c8020,0x00000000eb200000)
  to   space 512K, 0% used [0x00000000eb100000,0x00000000eb100000,0x00000000eb180000)
 ParOldGen       total 451584K, used 390134K [0x00000000c0000000, 0x00000000db900000, 0x00000000eab00000)
  object space 451584K, 86% used [0x00000000c0000000,0x00000000d7cfd950,0x00000000db900000)
 Metaspace       used 81319K, committed 83008K, reserved 1179648K
  class space    used 8334K, committed 9088K, reserved 1048576K
}
Event: 1673,406 GC heap before
{Heap before GC invocations=410 (full 3):
 PSYoungGen      total 6144K, used 5355K [0x00000000eab00000, 0x00000000eb200000, 0x0000000100000000)
  eden space 5632K, 89% used [0x00000000eab00000,0x00000000eaff2e78,0x00000000eb080000)
  from space 512K, 56% used [0x00000000eb180000,0x00000000eb1c8020,0x00000000eb200000)
  to   space 512K, 0% used [0x00000000eb100000,0x00000000eb100000,0x00000000eb180000)
 ParOldGen       total 451584K, used 390134K [0x00000000c0000000, 0x00000000db900000, 0x00000000eab00000)
  object space 451584K, 86% used [0x00000000c0000000,0x00000000d7cfd950,0x00000000db900000)
 Metaspace       used 81319K, committed 83008K, reserved 1179648K
  class space    used 8334K, committed 9088K, reserved 1048576K
}
Event: 1673,407 GC heap after
{Heap after GC invocations=410 (full 3):
 PSYoungGen      total 6144K, used 512K [0x00000000eab00000, 0x00000000eb380000, 0x0000000100000000)
  eden space 5632K, 0% used [0x00000000eab00000,0x00000000eab00000,0x00000000eb080000)
  from space 512K, 100% used [0x00000000eb100000,0x00000000eb180000,0x00000000eb180000)
  to   space 1536K, 0% used [0x00000000eb200000,0x00000000eb200000,0x00000000eb380000)
 ParOldGen       total 451584K, used 390588K [0x00000000c0000000, 0x00000000db900000, 0x00000000eab00000)
  object space 451584K, 86% used [0x00000000c0000000,0x00000000d7d6f1c0,0x00000000db900000)
 Metaspace       used 81319K, committed 83008K, reserved 1179648K
  class space    used 8334K, committed 9088K, reserved 1048576K
}
Event: 1673,407 GC heap before
{Heap before GC invocations=411 (full 4):
 PSYoungGen      total 6144K, used 512K [0x00000000eab00000, 0x00000000eb380000, 0x0000000100000000)
  eden space 5632K, 0% used [0x00000000eab00000,0x00000000eab00000,0x00000000eb080000)
  from space 512K, 100% used [0x00000000eb100000,0x00000000eb180000,0x00000000eb180000)
  to   space 1536K, 0% used [0x00000000eb200000,0x00000000eb200000,0x00000000eb380000)
 ParOldGen       total 451584K, used 390588K [0x00000000c0000000, 0x00000000db900000, 0x00000000eab00000)
  object space 451584K, 86% used [0x00000000c0000000,0x00000000d7d6f1c0,0x00000000db900000)
 Metaspace       used 81319K, committed 83008K, reserved 1179648K
  class space    used 8334K, committed 9088K, reserved 1048576K
}

