<?xml version="1.0" encoding="UTF-8" standalone="yes"?><!DOCTYPE report PUBLIC "-//JACOCO//DTD Report 1.1//EN" "report.dtd"><report name="mps4"><sessioninfo id="geralt-VirtualBox-80eea80" start="1745316525109" dump="1745316527690"/><sessioninfo id="geralt-VirtualBox-7f0d0cfd" start="1745316547725" dump="1745316549940"/><sessioninfo id="geralt-VirtualBox-1140caa0" start="1745316566194" dump="1745316568257"/><sessioninfo id="geralt-VirtualBox-2e404ec7" start="1745316583358" dump="1745316585668"/><sessioninfo id="geralt-VirtualBox-3c7514e7" start="1745316698399" dump="1745316699149"/><sessioninfo id="geralt-VirtualBox-4fb0f64b" start="1745316918690" dump="1745316921496"/><sessioninfo id="geralt-VirtualBox-6e665169" start="1745316937354" dump="1745316939592"/><sessioninfo id="geralt-VirtualBox-c9499f31" start="1745316940732" dump="1745316942908"/><sessioninfo id="geralt-VirtualBox-d20d726f" start="1745316947050" dump="1745316948369"/><sessioninfo id="geralt-VirtualBox-463ed3a2" start="1745330883412" dump="1745330884394"/><sessioninfo id="geralt-VirtualBox-8c445e86" start="1745331036133" dump="1745331038478"/><sessioninfo id="geralt-VirtualBox-c3696aca" start="1745331198353" dump="1745331201164"/><sessioninfo id="geralt-VirtualBox-26e076e5" start="1745334614382" dump="1745334615188"/><sessioninfo id="geralt-VirtualBox-f0d0591a" start="1745334625136" dump="1745334625959"/><sessioninfo id="geralt-VirtualBox-1417fa73" start="1745334633807" dump="1745334634617"/><sessioninfo id="geralt-VirtualBox-6e64884c" start="1745334646115" dump="1745334646934"/><sessioninfo id="geralt-VirtualBox-dea60e61" start="1745334717591" dump="1745334718393"/><sessioninfo id="geralt-VirtualBox-9cda087d" start="1745334730910" dump="1745334731640"/><sessioninfo id="geralt-VirtualBox-ee36f6ba" start="1745334747518" dump="1745334750780"/><sessioninfo id="geralt-VirtualBox-e08c0a6e" start="1745335000973" dump="1745335004740"/><sessioninfo id="geralt-VirtualBox-81582834" start="1745335081672" dump="1745335084761"/><sessioninfo id="geralt-VirtualBox-4a78a42f" start="1745335128464" dump="1745335131219"/><sessioninfo id="geralt-VirtualBox-ca6192b6" start="1745335448637" dump="1745335451524"/><sessioninfo id="geralt-VirtualBox-77fa43e5" start="1745335501306" dump="1745335502342"/><sessioninfo id="geralt-VirtualBox-e7ce1fe" start="1745415287335" dump="1745415290978"/><sessioninfo id="geralt-VirtualBox-b7b7ee2f" start="1745415328932" dump="1745415333313"/><sessioninfo id="geralt-VirtualBox-837e16d8" start="1745416893175" dump="1745416896303"/><sessioninfo id="geralt-VirtualBox-ebd39c5d" start="1745416926210" dump="1745416929306"/><sessioninfo id="geralt-VirtualBox-a993a1db" start="1745417103373" dump="1745417106435"/><sessioninfo id="geralt-VirtualBox-7accbe0a" start="1745417194171" dump="1745417197472"/><sessioninfo id="geralt-VirtualBox-e2d9ede0" start="1745417383159" dump="1745417386905"/><sessioninfo id="geralt-VirtualBox-7255a432" start="1745417417102" dump="1745417420427"/><sessioninfo id="geralt-VirtualBox-b044da67" start="1745417423074" dump="1745417426260"/><sessioninfo id="geralt-VirtualBox-e10b137" start="1745418103468" dump="1745418106851"/><sessioninfo id="geralt-VirtualBox-70a8bc4d" start="1745418312042" dump="1745418313253"/><sessioninfo id="geralt-VirtualBox-6e056cec" start="1745418335294" dump="1745418338812"/><sessioninfo id="geralt-VirtualBox-d7bc5f30" start="1745418502501" dump="1745418505320"/><sessioninfo id="geralt-VirtualBox-182fdb03" start="1745418515111" dump="1745418516090"/><sessioninfo id="geralt-VirtualBox-88406e6b" start="1745418550775" dump="1745418551747"/><sessioninfo id="geralt-VirtualBox-7e85553f" start="1745418560800" dump="1745418561907"/><sessioninfo id="geralt-VirtualBox-68a3b373" start="1745418911272" dump="1745418912270"/><sessioninfo id="geralt-VirtualBox-827b1d0d" start="1745419295092" dump="1745419298998"/><sessioninfo id="geralt-VirtualBox-83a62084" start="1745419466457" dump="1745419469782"/><sessioninfo id="geralt-VirtualBox-64d3e7fb" start="1745419529871" dump="1745419530849"/><sessioninfo id="geralt-VirtualBox-718b745a" start="1745419770554" dump="1745419773904"/><package name="org/mps/mutation"><class name="org/mps/mutation/GaussianMutation" sourcefilename="GaussianMutation.java"><method name="&lt;init&gt;" desc="()V" line="27"><counter type="INSTRUCTION" missed="14" covered="0"/><counter type="LINE" missed="5" covered="0"/><counter type="COMPLEXITY" missed="1" covered="0"/><counter type="METHOD" missed="1" covered="0"/></method><method name="&lt;init&gt;" desc="(DD)V" line="33"><counter type="INSTRUCTION" missed="0" covered="14"/><counter type="LINE" missed="0" covered="5"/><counter type="COMPLEXITY" missed="0" covered="1"/><counter type="METHOD" missed="0" covered="1"/></method><method name="mutate" desc="([I)[I" line="41"><counter type="INSTRUCTION" missed="15" covered="31"/><counter type="BRANCH" missed="2" covered="6"/><counter type="LINE" missed="1" covered="6"/><counter type="COMPLEXITY" missed="2" covered="3"/><counter type="METHOD" missed="0" covered="1"/></method><counter type="INSTRUCTION" missed="29" covered="45"/><counter type="BRANCH" missed="2" covered="6"/><counter type="LINE" missed="6" covered="11"/><counter type="COMPLEXITY" missed="3" covered="4"/><counter type="METHOD" missed="1" covered="2"/><counter type="CLASS" missed="0" covered="1"/></class><class name="org/mps/mutation/MutationOperator" sourcefilename="MutationOperator.java"/><sourcefile name="GaussianMutation.java"><line nr="27" mi="2" ci="0" mb="0" cb="0"/><line nr="28" mi="5" ci="0" mb="0" cb="0"/><line nr="29" mi="3" ci="0" mb="0" cb="0"/><line nr="30" mi="3" ci="0" mb="0" cb="0"/><line nr="31" mi="1" ci="0" mb="0" cb="0"/><line nr="33" mi="0" ci="2" mb="0" cb="0"/><line nr="34" mi="0" ci="5" mb="0" cb="0"/><line nr="35" mi="0" ci="3" mb="0" cb="0"/><line nr="36" mi="0" ci="3" mb="0" cb="0"/><line nr="37" mi="0" ci="1" mb="0" cb="0"/><line nr="41" mi="0" ci="5" mb="1" cb="3"/><line nr="42" mi="0" ci="5" mb="0" cb="0"/><line nr="45" mi="0" ci="4" mb="0" cb="0"/><line nr="46" mi="0" ci="8" mb="0" cb="2"/><line nr="47" mi="0" ci="7" mb="1" cb="1"/><line nr="48" mi="15" ci="0" mb="0" cb="0"/><line nr="52" mi="0" ci="2" mb="0" cb="0"/><counter type="INSTRUCTION" missed="29" covered="45"/><counter type="BRANCH" missed="2" covered="6"/><counter type="LINE" missed="6" covered="11"/><counter type="COMPLEXITY" missed="3" covered="4"/><counter type="METHOD" missed="1" covered="2"/><counter type="CLASS" missed="0" covered="1"/></sourcefile><sourcefile name="MutationOperator.java"/><counter type="INSTRUCTION" missed="29" covered="45"/><counter type="BRANCH" missed="2" covered="6"/><counter type="LINE" missed="6" covered="11"/><counter type="COMPLEXITY" missed="3" covered="4"/><counter type="METHOD" missed="1" covered="2"/><counter type="CLASS" missed="0" covered="1"/></package><package name="org/mps/crossover"><class name="org/mps/crossover/CrossoverOperator" sourcefilename="CrossoverOperator.java"/><class name="org/mps/crossover/TwoPointCrossover" sourcefilename="TwoPointCrossover.java"><method name="&lt;init&gt;" desc="()V" line="25"><counter type="INSTRUCTION" missed="0" covered="8"/><counter type="LINE" missed="0" covered="3"/><counter type="COMPLEXITY" missed="0" covered="1"/><counter type="METHOD" missed="0" covered="1"/></method><method name="crossover" desc="([I[I)[[I" line="31"><counter type="INSTRUCTION" missed="17" covered="103"/><counter type="BRANCH" missed="4" covered="10"/><counter type="LINE" missed="2" covered="15"/><counter type="COMPLEXITY" missed="4" covered="4"/><counter type="METHOD" missed="0" covered="1"/></method><counter type="INSTRUCTION" missed="17" covered="111"/><counter type="BRANCH" missed="4" covered="10"/><counter type="LINE" missed="2" covered="18"/><counter type="COMPLEXITY" missed="4" covered="5"/><counter type="METHOD" missed="0" covered="2"/><counter type="CLASS" missed="0" covered="1"/></class><sourcefile name="CrossoverOperator.java"/><sourcefile name="TwoPointCrossover.java"><line nr="25" mi="0" ci="2" mb="0" cb="0"/><line nr="26" mi="0" ci="5" mb="0" cb="0"/><line nr="27" mi="0" ci="1" mb="0" cb="0"/><line nr="31" mi="0" ci="2" mb="0" cb="0"/><line nr="32" mi="0" ci="13" mb="3" cb="5"/><line nr="33" mi="0" ci="5" mb="0" cb="0"/><line nr="34" mi="0" ci="8" mb="0" cb="0"/><line nr="35" mi="0" ci="14" mb="0" cb="0"/><line nr="38" mi="1" ci="6" mb="1" cb="1"/><line nr="39" mi="8" ci="0" mb="0" cb="0"/><line nr="40" mi="8" ci="0" mb="0" cb="0"/><line nr="44" mi="0" ci="7" mb="0" cb="2"/><line nr="45" mi="0" ci="8" mb="0" cb="0"/><line nr="46" mi="0" ci="8" mb="0" cb="0"/><line nr="50" mi="0" ci="8" mb="0" cb="2"/><line nr="51" mi="0" ci="8" mb="0" cb="0"/><line nr="52" mi="0" ci="8" mb="0" cb="0"/><line nr="54" mi="0" ci="1" mb="0" cb="0"/><line nr="55" mi="0" ci="5" mb="0" cb="0"/><line nr="57" mi="0" ci="2" mb="0" cb="0"/><counter type="INSTRUCTION" missed="17" covered="111"/><counter type="BRANCH" missed="4" covered="10"/><counter type="LINE" missed="2" covered="18"/><counter type="COMPLEXITY" missed="4" covered="5"/><counter type="METHOD" missed="0" covered="2"/><counter type="CLASS" missed="0" covered="1"/></sourcefile><counter type="INSTRUCTION" missed="17" covered="111"/><counter type="BRANCH" missed="4" covered="10"/><counter type="LINE" missed="2" covered="18"/><counter type="COMPLEXITY" missed="4" covered="5"/><counter type="METHOD" missed="0" covered="2"/><counter type="CLASS" missed="0" covered="1"/></package><package name="org/mps"><class name="org/mps/EvolutionaryAlgorithmException" sourcefilename="EvolutionaryAlgorithmException.java"><method name="&lt;init&gt;" desc="()V" line="5"><counter type="INSTRUCTION" missed="3" covered="0"/><counter type="LINE" missed="2" covered="0"/><counter type="COMPLEXITY" missed="1" covered="0"/><counter type="METHOD" missed="1" covered="0"/></method><method name="&lt;init&gt;" desc="(Ljava/lang/String;)V" line="8"><counter type="INSTRUCTION" missed="0" covered="4"/><counter type="LINE" missed="0" covered="2"/><counter type="COMPLEXITY" missed="0" covered="1"/><counter type="METHOD" missed="0" covered="1"/></method><counter type="INSTRUCTION" missed="3" covered="4"/><counter type="LINE" missed="2" covered="2"/><counter type="COMPLEXITY" missed="1" covered="1"/><counter type="METHOD" missed="1" covered="1"/><counter type="CLASS" missed="0" covered="1"/></class><class name="org/mps/EvolutionaryAlgorithm" sourcefilename="EvolutionaryAlgorithm.java"><method name="&lt;init&gt;" desc="(Lorg/mps/selection/SelectionOperator;Lorg/mps/mutation/MutationOperator;Lorg/mps/crossover/CrossoverOperator;)V" line="36"><counter type="INSTRUCTION" missed="0" covered="23"/><counter type="BRANCH" missed="0" covered="6"/><counter type="LINE" missed="0" covered="7"/><counter type="COMPLEXITY" missed="0" covered="4"/><counter type="METHOD" missed="0" covered="1"/></method><method name="optimize" desc="([[I)[[I" line="49"><counter type="INSTRUCTION" missed="0" covered="110"/><counter type="BRANCH" missed="0" covered="14"/><counter type="LINE" missed="0" covered="16"/><counter type="COMPLEXITY" missed="0" covered="8"/><counter type="METHOD" missed="0" covered="1"/></method><method name="better" desc="([I[I)Z" line="90"><counter type="INSTRUCTION" missed="0" covered="40"/><counter type="BRANCH" missed="0" covered="10"/><counter type="LINE" missed="0" covered="7"/><counter type="COMPLEXITY" missed="0" covered="6"/><counter type="METHOD" missed="0" covered="1"/></method><counter type="INSTRUCTION" missed="0" covered="173"/><counter type="BRANCH" missed="0" covered="30"/><counter type="LINE" missed="0" covered="30"/><counter type="COMPLEXITY" missed="0" covered="18"/><counter type="METHOD" missed="0" covered="3"/><counter type="CLASS" missed="0" covered="1"/></class><sourcefile name="EvolutionaryAlgorithmException.java"><line nr="5" mi="2" ci="0" mb="0" cb="0"/><line nr="6" mi="1" ci="0" mb="0" cb="0"/><line nr="8" mi="0" ci="3" mb="0" cb="0"/><line nr="9" mi="0" ci="1" mb="0" cb="0"/><counter type="INSTRUCTION" missed="3" covered="4"/><counter type="LINE" missed="2" covered="2"/><counter type="COMPLEXITY" missed="1" covered="1"/><counter type="METHOD" missed="1" covered="1"/><counter type="CLASS" missed="0" covered="1"/></sourcefile><sourcefile name="EvolutionaryAlgorithm.java"><line nr="36" mi="0" ci="2" mb="0" cb="0"/><line nr="38" mi="0" ci="6" mb="0" cb="6"/><line nr="39" mi="0" ci="5" mb="0" cb="0"/><line nr="41" mi="0" ci="3" mb="0" cb="0"/><line nr="42" mi="0" ci="3" mb="0" cb="0"/><line nr="43" mi="0" ci="3" mb="0" cb="0"/><line nr="44" mi="0" ci="1" mb="0" cb="0"/><line nr="49" mi="0" ci="10" mb="0" cb="6"/><line nr="52" mi="0" ci="8" mb="0" cb="0"/><line nr="55" mi="0" ci="8" mb="0" cb="2"/><line nr="57" mi="0" ci="7" mb="0" cb="0"/><line nr="58" mi="0" ci="9" mb="0" cb="0"/><line nr="61" mi="0" ci="6" mb="0" cb="0"/><line nr="62" mi="0" ci="6" mb="0" cb="0"/><line nr="63" mi="0" ci="8" mb="0" cb="0"/><line nr="67" mi="0" ci="8" mb="0" cb="2"/><line nr="68" mi="0" ci="9" mb="0" cb="0"/><line nr="72" mi="0" ci="8" mb="0" cb="2"/><line nr="73" mi="0" ci="9" mb="0" cb="2"/><line nr="74" mi="0" ci="6" mb="0" cb="0"/><line nr="77" mi="0" ci="1" mb="0" cb="0"/><line nr="78" mi="0" ci="5" mb="0" cb="0"/><line nr="80" mi="0" ci="2" mb="0" cb="0"/><line nr="90" mi="0" ci="2" mb="0" cb="0"/><line nr="91" mi="0" ci="2" mb="0" cb="0"/><line nr="92" mi="0" ci="9" mb="0" cb="6"/><line nr="93" mi="0" ci="8" mb="0" cb="2"/><line nr="94" mi="0" ci="6" mb="0" cb="0"/><line nr="95" mi="0" ci="6" mb="0" cb="0"/><line nr="98" mi="0" ci="7" mb="0" cb="2"/><counter type="INSTRUCTION" missed="0" covered="173"/><counter type="BRANCH" missed="0" covered="30"/><counter type="LINE" missed="0" covered="30"/><counter type="COMPLEXITY" missed="0" covered="18"/><counter type="METHOD" missed="0" covered="3"/><counter type="CLASS" missed="0" covered="1"/></sourcefile><counter type="INSTRUCTION" missed="3" covered="177"/><counter type="BRANCH" missed="0" covered="30"/><counter type="LINE" missed="2" covered="32"/><counter type="COMPLEXITY" missed="1" covered="19"/><counter type="METHOD" missed="1" covered="4"/><counter type="CLASS" missed="0" covered="2"/></package><package name="org/mps/selection"><class name="org/mps/selection/SelectionOperator" sourcefilename="SelectionOperator.java"/><class name="org/mps/selection/TournamentSelection" sourcefilename="TournamentSelection.java"><method name="&lt;init&gt;" desc="(I)V" line="25"><counter type="INSTRUCTION" missed="0" covered="19"/><counter type="BRANCH" missed="0" covered="2"/><counter type="LINE" missed="0" covered="6"/><counter type="COMPLEXITY" missed="0" covered="2"/><counter type="METHOD" missed="0" covered="1"/></method><method name="select" desc="([I)[I" line="39"><counter type="INSTRUCTION" missed="0" covered="60"/><counter type="BRANCH" missed="2" covered="12"/><counter type="LINE" missed="0" covered="12"/><counter type="COMPLEXITY" missed="2" covered="6"/><counter type="METHOD" missed="0" covered="1"/></method><counter type="INSTRUCTION" missed="0" covered="79"/><counter type="BRANCH" missed="2" covered="14"/><counter type="LINE" missed="0" covered="18"/><counter type="COMPLEXITY" missed="2" covered="8"/><counter type="METHOD" missed="0" covered="2"/><counter type="CLASS" missed="0" covered="1"/></class><sourcefile name="TournamentSelection.java"><line nr="25" mi="0" ci="5" mb="0" cb="0"/><line nr="28" mi="0" ci="2" mb="0" cb="0"/><line nr="29" mi="0" ci="2" mb="0" cb="2"/><line nr="30" mi="0" ci="4" mb="0" cb="0"/><line nr="32" mi="0" ci="5" mb="0" cb="0"/><line nr="34" mi="0" ci="1" mb="0" cb="0"/><line nr="39" mi="0" ci="10" mb="2" cb="4"/><line nr="40" mi="0" ci="4" mb="0" cb="0"/><line nr="41" mi="0" ci="8" mb="0" cb="2"/><line nr="42" mi="0" ci="2" mb="0" cb="0"/><line nr="43" mi="0" ci="8" mb="0" cb="2"/><line nr="44" mi="0" ci="8" mb="0" cb="0"/><line nr="45" mi="0" ci="6" mb="0" cb="4"/><line nr="46" mi="0" ci="2" mb="0" cb="0"/><line nr="49" mi="0" ci="4" mb="0" cb="0"/><line nr="51" mi="0" ci="1" mb="0" cb="0"/><line nr="52" mi="0" ci="5" mb="0" cb="0"/><line nr="54" mi="0" ci="2" mb="0" cb="0"/><counter type="INSTRUCTION" missed="0" covered="79"/><counter type="BRANCH" missed="2" covered="14"/><counter type="LINE" missed="0" covered="18"/><counter type="COMPLEXITY" missed="2" covered="8"/><counter type="METHOD" missed="0" covered="2"/><counter type="CLASS" missed="0" covered="1"/></sourcefile><sourcefile name="SelectionOperator.java"/><counter type="INSTRUCTION" missed="0" covered="79"/><counter type="BRANCH" missed="2" covered="14"/><counter type="LINE" missed="0" covered="18"/><counter type="COMPLEXITY" missed="2" covered="8"/><counter type="METHOD" missed="0" covered="2"/><counter type="CLASS" missed="0" covered="1"/></package><counter type="INSTRUCTION" missed="49" covered="412"/><counter type="BRANCH" missed="8" covered="60"/><counter type="LINE" missed="10" covered="79"/><counter type="COMPLEXITY" missed="10" covered="36"/><counter type="METHOD" missed="2" covered="10"/><counter type="CLASS" missed="0" covered="5"/></report>