<?xml version="1.0" encoding="UTF-8" standalone="yes"?><!DOCTYPE report PUBLIC "-//JACOCO//DTD Report 1.1//EN" "report.dtd"><report name="junit5-mps-uma"><sessioninfo id="geralt-VirtualBox-e5135122" start="1743180018012" dump="1743180019099"/><sessioninfo id="geralt-VirtualBox-72bf647" start="1743180724461" dump="1743180725562"/><sessioninfo id="geralt-VirtualBox-d50cecd4" start="1743181179879" dump="1743181181358"/><sessioninfo id="geralt-VirtualBox-abdd805b" start="1743181231221" dump="1743181232248"/><sessioninfo id="geralt-VirtualBox-6bf401e7" start="1743181236777" dump="1743181237778"/><sessioninfo id="geralt-VirtualBox-5b301669" start="1743330771316" dump="1743330772419"/><sessioninfo id="geralt-VirtualBox-c5cb6594" start="1743331151129" dump="1743331154098"/><sessioninfo id="geralt-VirtualBox-186f046d" start="1743331239381" dump="1743331241762"/><sessioninfo id="geralt-VirtualBox-bef845de" start="1743332076333" dump="1743332078762"/><sessioninfo id="geralt-VirtualBox-f2a88771" start="1743332409500" dump="1743332412444"/><sessioninfo id="geralt-VirtualBox-57e3ad9a" start="1743332959006" dump="1743332961677"/><sessioninfo id="geralt-VirtualBox-1ec37c17" start="1743333547104" dump="1743333549428"/><sessioninfo id="geralt-VirtualBox-54d559e4" start="1743334283936" dump="1743334286717"/><sessioninfo id="geralt-VirtualBox-3ef858e8" start="1743334301931" dump="1743334305196"/><sessioninfo id="geralt-VirtualBox-e1299e75" start="1743334354480" dump="1743334358164"/><sessioninfo id="geralt-VirtualBox-b346f655" start="1743335265554" dump="1743335268083"/><sessioninfo id="geralt-VirtualBox-ebec3219" start="1743336491387" dump="1743336494344"/><sessioninfo id="geralt-VirtualBox-99fbf1ff" start="1743532366185" dump="1743532367592"/><sessioninfo id="geralt-VirtualBox-6aa77fa2" start="1743532423794" dump="1743532427157"/><sessioninfo id="geralt-VirtualBox-d9eb0d4a" start="1743532461698" dump="1743532464690"/><sessioninfo id="geralt-VirtualBox-dc74abd4" start="1743532543291" dump="1743532546017"/><sessioninfo id="geralt-VirtualBox-e2db738a" start="1743532820588" dump="1743532823315"/><sessioninfo id="geralt-VirtualBox-987c09eb" start="1743533344009" dump="1743533347620"/><sessioninfo id="geralt-VirtualBox-167fbc41" start="1743533408430" dump="1743533412065"/><sessioninfo id="geralt-VirtualBox-2edf9d61" start="1743533421309" dump="1743533424630"/><sessioninfo id="geralt-VirtualBox-20215461" start="1743533585754" dump="1743533590011"/><sessioninfo id="geralt-VirtualBox-e2a95ce3" start="1743533633788" dump="1743533637003"/><sessioninfo id="geralt-VirtualBox-1941689c" start="1743533759698" dump="1743533762724"/><sessioninfo id="geralt-VirtualBox-15f87467" start="1743533826829" dump="1743533830039"/><sessioninfo id="geralt-VirtualBox-4338dacf" start="1743534389093" dump="1743534391954"/><sessioninfo id="geralt-VirtualBox-2026a962" start="1743534676580" dump="1743534679598"/><package name="org/mps/board"><class name="org/mps/board/AdvertisementBoardException" sourcefilename="AdvertisementBoardException.java"><method name="&lt;init&gt;" desc="(Ljava/lang/String;)V" line="5"><counter type="INSTRUCTION" missed="0" covered="4"/><counter type="LINE" missed="0" covered="2"/><counter type="COMPLEXITY" missed="0" covered="1"/><counter type="METHOD" missed="0" covered="1"/></method><counter type="INSTRUCTION" missed="0" covered="4"/><counter type="LINE" missed="0" covered="2"/><counter type="COMPLEXITY" missed="0" covered="1"/><counter type="METHOD" missed="0" covered="1"/><counter type="CLASS" missed="0" covered="1"/></class><class name="org/mps/board/Advertisement" sourcefilename="Advertisement.java"><method name="&lt;init&gt;" desc="(Ljava/lang/String;Ljava/lang/String;Ljava/lang/String;)V" line="8"><counter type="INSTRUCTION" missed="0" covered="12"/><counter type="LINE" missed="0" covered="5"/><counter type="COMPLEXITY" missed="0" covered="1"/><counter type="METHOD" missed="0" covered="1"/></method><counter type="INSTRUCTION" missed="0" covered="12"/><counter type="LINE" missed="0" covered="5"/><counter type="COMPLEXITY" missed="0" covered="1"/><counter type="METHOD" missed="0" covered="1"/><counter type="CLASS" missed="0" covered="1"/></class><class name="org/mps/board/PaymentGateway" sourcefilename="PaymentGateway.java"/><class name="org/mps/board/AdvertisementBoard" sourcefilename="AdvertisementBoard.java"><method name="&lt;init&gt;" desc="()V" line="20"><counter type="INSTRUCTION" missed="0" covered="20"/><counter type="LINE" missed="0" covered="8"/><counter type="COMPLEXITY" missed="0" covered="1"/><counter type="METHOD" missed="0" covered="1"/></method><method name="numberOfPublishedAdvertisements" desc="()I" line="37"><counter type="INSTRUCTION" missed="0" covered="4"/><counter type="LINE" missed="0" covered="1"/><counter type="COMPLEXITY" missed="0" covered="1"/><counter type="METHOD" missed="0" covered="1"/></method><method name="publish" desc="(Lorg/mps/board/Advertisement;Lorg/mps/board/AdvertiserDatabase;Lorg/mps/board/PaymentGateway;)V" line="50"><counter type="INSTRUCTION" missed="0" covered="48"/><counter type="BRANCH" missed="1" covered="9"/><counter type="LINE" missed="0" covered="10"/><counter type="COMPLEXITY" missed="1" covered="5"/><counter type="METHOD" missed="0" covered="1"/></method><method name="isDuplicateAdvertisement" desc="(Lorg/mps/board/Advertisement;)Z" line="67"><counter type="INSTRUCTION" missed="0" covered="7"/><counter type="LINE" missed="0" covered="2"/><counter type="COMPLEXITY" missed="0" covered="1"/><counter type="METHOD" missed="0" covered="1"/></method><method name="isBoardFull" desc="()Z" line="71"><counter type="INSTRUCTION" missed="0" covered="8"/><counter type="BRANCH" missed="0" covered="2"/><counter type="LINE" missed="0" covered="1"/><counter type="COMPLEXITY" missed="0" covered="2"/><counter type="METHOD" missed="0" covered="1"/></method><method name="findByTitle" desc="(Ljava/lang/String;)Ljava/util/Optional;" line="84"><counter type="INSTRUCTION" missed="0" covered="8"/><counter type="LINE" missed="0" covered="1"/><counter type="COMPLEXITY" missed="0" covered="1"/><counter type="METHOD" missed="0" covered="1"/></method><method name="deleteAdvertisement" desc="(Ljava/lang/String;Ljava/lang/String;)V" line="94"><counter type="INSTRUCTION" missed="0" covered="8"/><counter type="LINE" missed="0" covered="2"/><counter type="COMPLEXITY" missed="0" covered="1"/><counter type="METHOD" missed="0" covered="1"/></method><method name="lambda$0" desc="(Lorg/mps/board/Advertisement;Lorg/mps/board/Advertisement;)Z" line="68"><counter type="INSTRUCTION" missed="0" covered="16"/><counter type="BRANCH" missed="1" covered="3"/><counter type="LINE" missed="0" covered="1"/><counter type="COMPLEXITY" missed="1" covered="2"/><counter type="METHOD" missed="0" covered="1"/></method><method name="lambda$1" desc="(Ljava/lang/String;Lorg/mps/board/Advertisement;)Z" line="84"><counter type="INSTRUCTION" missed="0" covered="5"/><counter type="LINE" missed="0" covered="1"/><counter type="COMPLEXITY" missed="0" covered="1"/><counter type="METHOD" missed="0" covered="1"/></method><method name="lambda$2" desc="(Ljava/lang/String;Ljava/lang/String;Lorg/mps/board/Advertisement;)Z" line="94"><counter type="INSTRUCTION" missed="0" covered="14"/><counter type="BRANCH" missed="1" covered="3"/><counter type="LINE" missed="0" covered="1"/><counter type="COMPLEXITY" missed="1" covered="2"/><counter type="METHOD" missed="0" covered="1"/></method><counter type="INSTRUCTION" missed="0" covered="138"/><counter type="BRANCH" missed="3" covered="17"/><counter type="LINE" missed="0" covered="25"/><counter type="COMPLEXITY" missed="3" covered="17"/><counter type="METHOD" missed="0" covered="10"/><counter type="CLASS" missed="0" covered="1"/></class><class name="org/mps/board/AdvertiserDatabase" sourcefilename="AdvertiserDatabase.java"/><sourcefile name="AdvertiserDatabase.java"/><sourcefile name="Advertisement.java"><line nr="8" mi="0" ci="2" mb="0" cb="0"/><line nr="9" mi="0" ci="3" mb="0" cb="0"/><line nr="10" mi="0" ci="3" mb="0" cb="0"/><line nr="11" mi="0" ci="3" mb="0" cb="0"/><line nr="12" mi="0" ci="1" mb="0" cb="0"/><counter type="INSTRUCTION" missed="0" covered="12"/><counter type="LINE" missed="0" covered="5"/><counter type="COMPLEXITY" missed="0" covered="1"/><counter type="METHOD" missed="0" covered="1"/><counter type="CLASS" missed="0" covered="1"/></sourcefile><sourcefile name="AdvertisementBoardException.java"><line nr="5" mi="0" ci="3" mb="0" cb="0"/><line nr="6" mi="0" ci="1" mb="0" cb="0"/><counter type="INSTRUCTION" missed="0" covered="4"/><counter type="LINE" missed="0" covered="2"/><counter type="COMPLEXITY" missed="0" covered="1"/><counter type="METHOD" missed="0" covered="1"/><counter type="CLASS" missed="0" covered="1"/></sourcefile><sourcefile name="PaymentGateway.java"/><sourcefile name="AdvertisementBoard.java"><line nr="20" mi="0" ci="2" mb="0" cb="0"/><line nr="21" mi="0" ci="5" mb="0" cb="0"/><line nr="22" mi="0" ci="4" mb="0" cb="0"/><line nr="23" mi="0" ci="1" mb="0" cb="0"/><line nr="24" mi="0" ci="1" mb="0" cb="0"/><line nr="25" mi="0" ci="1" mb="0" cb="0"/><line nr="26" mi="0" ci="5" mb="0" cb="0"/><line nr="27" mi="0" ci="1" mb="0" cb="0"/><line nr="37" mi="0" ci="4" mb="0" cb="0"/><line nr="50" mi="0" ci="3" mb="0" cb="2"/><line nr="51" mi="0" ci="5" mb="0" cb="0"/><line nr="53" mi="0" ci="9" mb="0" cb="2"/><line nr="55" mi="0" ci="5" mb="0" cb="2"/><line nr="56" mi="0" ci="6" mb="0" cb="0"/><line nr="58" mi="0" ci="5" mb="1" cb="1"/><line nr="59" mi="0" ci="5" mb="0" cb="2"/><line nr="60" mi="0" ci="5" mb="0" cb="0"/><line nr="61" mi="0" ci="4" mb="0" cb="0"/><line nr="64" mi="0" ci="1" mb="0" cb="0"/><line nr="67" mi="0" ci="4" mb="0" cb="0"/><line nr="68" mi="0" ci="19" mb="1" cb="3"/><line nr="71" mi="0" ci="8" mb="0" cb="2"/><line nr="84" mi="0" ci="13" mb="0" cb="0"/><line nr="94" mi="0" ci="21" mb="1" cb="3"/><line nr="95" mi="0" ci="1" mb="0" cb="0"/><counter type="INSTRUCTION" missed="0" covered="138"/><counter type="BRANCH" missed="3" covered="17"/><counter type="LINE" missed="0" covered="25"/><counter type="COMPLEXITY" missed="3" covered="17"/><counter type="METHOD" missed="0" covered="10"/><counter type="CLASS" missed="0" covered="1"/></sourcefile><counter type="INSTRUCTION" missed="0" covered="154"/><counter type="BRANCH" missed="3" covered="17"/><counter type="LINE" missed="0" covered="32"/><counter type="COMPLEXITY" missed="3" covered="19"/><counter type="METHOD" missed="0" covered="12"/><counter type="CLASS" missed="0" covered="3"/></package><counter type="INSTRUCTION" missed="0" covered="154"/><counter type="BRANCH" missed="3" covered="17"/><counter type="LINE" missed="0" covered="32"/><counter type="COMPLEXITY" missed="3" covered="19"/><counter type="METHOD" missed="0" covered="12"/><counter type="CLASS" missed="0" covered="3"/></report>