<?xml version="1.0" encoding="UTF-8"?>
<testsuite xmlns:xsi="http://www.w3.org/2001/XMLSchema-instance" xsi:noNamespaceSchemaLocation="https://maven.apache.org/surefire/maven-surefire-plugin/xsd/surefire-test-report.xsd" version="3.0.2" name="org.mps.ronqi2.ronQI2Silvertest$ObtenerNuevaLecturaTests" time="0.006" tests="1" errors="0" skipped="0" failures="0">
  <properties>
[...]
</properties>
  <testcase name="obtenerNuevaLectura_addsNewReadingAndMaintainsListSize" classname="org.mps.ronqi2.ronQI2Silvertest$ObtenerNuevaLecturaTests" time="0.005"/>
</testsuite>