-------------------------------------------------------------------------------
Test set: org.mps.EvolutionaryAlgorithmWhiteBoxTest$OptimizeTest
-------------------------------------------------------------------------------
Tests run: 5, Failures: 0, Errors: 1, Skipped: 0, Time elapsed: 1.959 s <<< FAILURE! -- in org.mps.EvolutionaryAlgorithmWhiteBoxTest$OptimizeTest
org.mps.EvolutionaryAlgorithmWhiteBoxTest$OptimizeTest.optimize_OddPopulation_FailsFast -- Time elapsed: 1.861 s <<< ERROR!
org.mockito.exceptions.misusing.UnnecessaryStubbingException: 

Unnecessary stubbings detected.
Clean & maintainable test code requires zero unnecessary code.
Following stubbings are unnecessary (click to navigate to relevant line of code):
  1. -> at org.mps.EvolutionaryAlgorithmWhiteBoxTest$OptimizeTest.optimize_OddPopulation_FailsFast(EvolutionaryAlgorithmWhiteBoxTest.java:103)
Please remove unnecessary stubbings or use 'lenient' strictness. More info: javadoc for UnnecessaryStubbingException class.
	at org.mockito.junit.jupiter.MockitoExtension.afterEach(MockitoExtension.java:192)
	at java.base/java.util.ArrayList.forEach(ArrayList.java:1596)
	at java.base/java.util.ArrayList.forEach(ArrayList.java:1596)
	at java.base/java.util.ArrayList.forEach(ArrayList.java:1596)

