-------------------------------------------------------------------------------
Test set: org.mps.EvolutionaryAlgorithmTest$BetterTest
-------------------------------------------------------------------------------
Tests run: 2, Failures: 0, Errors: 2, Skipped: 0, Time elapsed: 0.112 s <<< FAILURE! -- in org.mps.EvolutionaryAlgorithmTest$BetterTest
org.mps.EvolutionaryAlgorithmTest$BetterTest.better_NullPopulation1_ThrowsException -- Time elapsed: 0.060 s <<< ERROR!
java.lang.Error: 
Unresolved compilation problems: 
	The method better(int[], int[]) from the type EvolutionaryAlgorithm is not visible
	The method better(int[], int[]) from the type EvolutionaryAlgorithm is not visible

	at org.mps.EvolutionaryAlgorithmTest$BetterTest.<init>(EvolutionaryAlgorithmTest.java:162)
	at java.base/java.lang.reflect.Constructor.newInstanceWithCaller(Constructor.java:502)
	at java.base/java.lang.reflect.Constructor.newInstance(Constructor.java:486)
	at java.base/java.util.Optional.orElseGet(Optional.java:364)
	at java.base/java.util.ArrayList.forEach(ArrayList.java:1596)
	at java.base/java.util.ArrayList.forEach(ArrayList.java:1596)
	at java.base/java.util.ArrayList.forEach(ArrayList.java:1596)

org.mps.EvolutionaryAlgorithmTest$BetterTest.better_NullPopulation2_ThrowsException -- Time elapsed: 0.003 s <<< ERROR!
java.lang.Error: 
Unresolved compilation problems: 
	The method better(int[], int[]) from the type EvolutionaryAlgorithm is not visible
	The method better(int[], int[]) from the type EvolutionaryAlgorithm is not visible

	at org.mps.EvolutionaryAlgorithmTest$BetterTest.<init>(EvolutionaryAlgorithmTest.java:162)
	at java.base/java.lang.reflect.Constructor.newInstanceWithCaller(Constructor.java:502)
	at java.base/java.lang.reflect.Constructor.newInstance(Constructor.java:486)
	at java.base/java.util.Optional.orElseGet(Optional.java:364)
	at java.base/java.util.ArrayList.forEach(ArrayList.java:1596)
	at java.base/java.util.ArrayList.forEach(ArrayList.java:1596)
	at java.base/java.util.ArrayList.forEach(ArrayList.java:1596)

