-------------------------------------------------------------------------------
Test set: org.mps.EvolutionaryAlgorithmTest$betterTest
-------------------------------------------------------------------------------
Tests run: 4, Failures: 0, Errors: 4, Skipped: 0, Time elapsed: 0.106 s <<< FAILURE! -- in org.mps.EvolutionaryAlgorithmTest$betterTest
org.mps.EvolutionaryAlgorithmTest$betterTest.better_SumaMayor_NotReplaced -- Time elapsed: 0.017 s <<< ERROR!
java.lang.NullPointerException: Cannot invoke "org.mps.EvolutionaryAlgorithm.optimize(int[][])" because "this.this$0.ea" is null
	at org.mps.EvolutionaryAlgorithmTest$betterTest.better_SumaMayor_NotReplaced(EvolutionaryAlgorithmTest.java:177)
	at java.base/java.lang.reflect.Method.invoke(Method.java:580)
	at java.base/java.util.ArrayList.forEach(ArrayList.java:1596)
	at java.base/java.util.ArrayList.forEach(ArrayList.java:1596)
	at java.base/java.util.ArrayList.forEach(ArrayList.java:1596)

org.mps.EvolutionaryAlgorithmTest$betterTest.better_DistinctLength_NotReplaced -- Time elapsed: 0.010 s <<< ERROR!
java.lang.NullPointerException: Cannot invoke "org.mps.EvolutionaryAlgorithm.optimize(int[][])" because "this.this$0.ea" is null
	at org.mps.EvolutionaryAlgorithmTest$betterTest.better_DistinctLength_NotReplaced(EvolutionaryAlgorithmTest.java:193)
	at java.base/java.lang.reflect.Method.invoke(Method.java:580)
	at java.base/java.util.ArrayList.forEach(ArrayList.java:1596)
	at java.base/java.util.ArrayList.forEach(ArrayList.java:1596)
	at java.base/java.util.ArrayList.forEach(ArrayList.java:1596)

org.mps.EvolutionaryAlgorithmTest$betterTest.better_SumaMenor_Replaced -- Time elapsed: 0.035 s <<< ERROR!
java.lang.NullPointerException: Cannot invoke "org.mps.EvolutionaryAlgorithm.optimize(int[][])" because "this.this$0.ea" is null
	at org.mps.EvolutionaryAlgorithmTest$betterTest.better_SumaMenor_Replaced(EvolutionaryAlgorithmTest.java:161)
	at java.base/java.lang.reflect.Method.invoke(Method.java:580)
	at java.base/java.util.ArrayList.forEach(ArrayList.java:1596)
	at java.base/java.util.ArrayList.forEach(ArrayList.java:1596)
	at java.base/java.util.ArrayList.forEach(ArrayList.java:1596)

org.mps.EvolutionaryAlgorithmTest$betterTest.better_NullOffspring_NotReplaced -- Time elapsed: 0.018 s <<< ERROR!
java.lang.NullPointerException: Cannot invoke "org.mps.EvolutionaryAlgorithm.optimize(int[][])" because "this.this$0.ea" is null
	at org.mps.EvolutionaryAlgorithmTest$betterTest.better_NullOffspring_NotReplaced(EvolutionaryAlgorithmTest.java:209)
	at java.base/java.lang.reflect.Method.invoke(Method.java:580)
	at java.base/java.util.ArrayList.forEach(ArrayList.java:1596)
	at java.base/java.util.ArrayList.forEach(ArrayList.java:1596)
	at java.base/java.util.ArrayList.forEach(ArrayList.java:1596)

